[2020-09-28 12:30:16.532] [sharedprocess] [info] main {"machineId":"65ec9cf43ae62cd43d6c785935021dfaad06fc54a1e64210bb1987a46c1da34b","windowId":2}
[2020-09-28 12:30:16.755] [sharedprocess] [error] [File Watcher (node.js)] Error: ENOENT: no such file or directory, stat '/var/www/socket/server/slack/~/.vscode/User/snippets'
[2020-09-28 12:30:17.610] [sharedprocess] [info] Deleted from disk fallenmax.mithril-emmet /root/.vscode/extensions/fallenmax.mithril-emmet-0.7.5
[2020-09-28 12:30:19.594] [sharedprocess] [info] Installing extension: angular.ng-template
[2020-09-28 12:30:19.595] [sharedprocess] [info] Installing extension: christian-kohler.npm-intellisense
[2020-09-28 12:30:19.596] [sharedprocess] [info] Installing extension: christian-kohler.path-intellisense
[2020-09-28 12:30:19.596] [sharedprocess] [info] Installing extension: dsznajder.es7-react-js-snippets
[2020-09-28 12:30:19.596] [sharedprocess] [info] Installing extension: esbenp.prettier-vscode
[2020-09-28 12:30:19.596] [sharedprocess] [info] Installing extension: ms-azuretools.vscode-docker
[2020-09-28 12:30:19.597] [sharedprocess] [info] Installing extension: msjsdiag.debugger-for-chrome
[2020-09-28 12:30:19.597] [sharedprocess] [info] Installing extension: octref.vetur
[2020-09-28 12:30:19.597] [sharedprocess] [info] Installing extension: redhat.vscode-yaml
[2020-09-28 12:30:19.597] [sharedprocess] [info] Installing extension: wscats.eno
[2020-09-28 12:30:20.575] [sharedprocess] [info] Downloaded extension: christian-kohler.path-intellisense /var/www/socket/server/slack/~/.vscode/CachedExtensionVSIXs/christian-kohler.path-intellisense-2.3.0
[2020-09-28 12:30:20.730] [sharedprocess] [info] Downloaded extension: dsznajder.es7-react-js-snippets /var/www/socket/server/slack/~/.vscode/CachedExtensionVSIXs/dsznajder.es7-react-js-snippets-3.0.0
[2020-09-28 12:30:20.931] [sharedprocess] [info] Extracted extension to /root/.vscode/extensions/.dsznajder.es7-react-js-snippets-3.0.0: dsznajder.es7-react-js-snippets
[2020-09-28 12:30:20.931] [sharedprocess] [info] Renamed to /root/.vscode/extensions/dsznajder.es7-react-js-snippets-3.0.0
[2020-09-28 12:30:20.932] [sharedprocess] [info] Installation completed. dsznajder.es7-react-js-snippets
[2020-09-28 12:30:20.963] [sharedprocess] [info] Extensions installed successfully: dsznajder.es7-react-js-snippets
[2020-09-28 12:30:21.063] [sharedprocess] [info] Extracted extension to /root/.vscode/extensions/.christian-kohler.path-intellisense-2.3.0: christian-kohler.path-intellisense
[2020-09-28 12:30:21.064] [sharedprocess] [info] Renamed to /root/.vscode/extensions/christian-kohler.path-intellisense-2.3.0
[2020-09-28 12:30:21.064] [sharedprocess] [info] Installation completed. christian-kohler.path-intellisense
[2020-09-28 12:30:21.096] [sharedprocess] [info] Extensions installed successfully: christian-kohler.path-intellisense
[2020-09-28 12:30:24.170] [sharedprocess] [info] Downloaded extension: christian-kohler.npm-intellisense /var/www/socket/server/slack/~/.vscode/CachedExtensionVSIXs/christian-kohler.npm-intellisense-1.3.1
[2020-09-28 12:30:24.325] [sharedprocess] [info] Extracted extension to /root/.vscode/extensions/.christian-kohler.npm-intellisense-1.3.1: christian-kohler.npm-intellisense
[2020-09-28 12:30:24.325] [sharedprocess] [info] Renamed to /root/.vscode/extensions/christian-kohler.npm-intellisense-1.3.1
[2020-09-28 12:30:24.330] [sharedprocess] [info] Installation completed. christian-kohler.npm-intellisense
[2020-09-28 12:30:24.375] [sharedprocess] [info] Extensions installed successfully: christian-kohler.npm-intellisense
[2020-09-28 12:30:27.320] [sharedprocess] [info] Downloaded extension: esbenp.prettier-vscode /var/www/socket/server/slack/~/.vscode/CachedExtensionVSIXs/esbenp.prettier-vscode-5.7.1
[2020-09-28 12:30:27.815] [sharedprocess] [info] Extracted extension to /root/.vscode/extensions/.esbenp.prettier-vscode-5.7.1: esbenp.prettier-vscode
[2020-09-28 12:30:27.815] [sharedprocess] [info] Renamed to /root/.vscode/extensions/esbenp.prettier-vscode-5.7.1
[2020-09-28 12:30:27.816] [sharedprocess] [info] Installation completed. esbenp.prettier-vscode
[2020-09-28 12:30:27.891] [sharedprocess] [info] Extensions installed successfully: esbenp.prettier-vscode
[2020-09-28 12:30:27.895] [sharedprocess] [info] Downloaded extension: ms-azuretools.vscode-docker /var/www/socket/server/slack/~/.vscode/CachedExtensionVSIXs/ms-azuretools.vscode-docker-1.6.0
[2020-09-28 12:30:28.570] [sharedprocess] [info] Extracted extension to /root/.vscode/extensions/.ms-azuretools.vscode-docker-1.6.0: ms-azuretools.vscode-docker
[2020-09-28 12:30:28.570] [sharedprocess] [info] Renamed to /root/.vscode/extensions/ms-azuretools.vscode-docker-1.6.0
[2020-09-28 12:30:28.572] [sharedprocess] [info] Installation completed. ms-azuretools.vscode-docker
[2020-09-28 12:30:28.680] [sharedprocess] [info] Extensions installed successfully: ms-azuretools.vscode-docker
[2020-09-28 12:30:28.960] [sharedprocess] [info] Downloaded extension: msjsdiag.debugger-for-chrome /var/www/socket/server/slack/~/.vscode/CachedExtensionVSIXs/msjsdiag.debugger-for-chrome-4.12.11
[2020-09-28 12:30:29.719] [sharedprocess] [info] Extracted extension to /root/.vscode/extensions/.msjsdiag.debugger-for-chrome-4.12.11: msjsdiag.debugger-for-chrome
[2020-09-28 12:30:29.719] [sharedprocess] [info] Renamed to /root/.vscode/extensions/msjsdiag.debugger-for-chrome-4.12.11
[2020-09-28 12:30:29.725] [sharedprocess] [info] Installation completed. msjsdiag.debugger-for-chrome
[2020-09-28 12:30:29.764] [sharedprocess] [info] Extensions installed successfully: msjsdiag.debugger-for-chrome
[2020-09-28 12:30:38.418] [sharedprocess] [info] Downloaded extension: redhat.vscode-yaml /var/www/socket/server/slack/~/.vscode/CachedExtensionVSIXs/redhat.vscode-yaml-0.11.0
[2020-09-28 12:30:39.705] [sharedprocess] [info] Downloaded extension: wscats.eno /var/www/socket/server/slack/~/.vscode/CachedExtensionVSIXs/wscats.eno-2.3.18
[2020-09-28 12:30:46.082] [sharedprocess] [info] Downloaded extension: angular.ng-template /var/www/socket/server/slack/~/.vscode/CachedExtensionVSIXs/angular.ng-template-0.1001.0
[2020-09-28 12:30:47.972] [sharedprocess] [info] Extracted extension to /root/.vscode/extensions/.redhat.vscode-yaml-0.11.0: redhat.vscode-yaml
[2020-09-28 12:30:47.973] [sharedprocess] [info] Renamed to /root/.vscode/extensions/redhat.vscode-yaml-0.11.0
[2020-09-28 12:30:47.975] [sharedprocess] [info] Installation completed. redhat.vscode-yaml
[2020-09-28 12:30:48.001] [sharedprocess] [info] Extensions installed successfully: redhat.vscode-yaml
[2020-09-28 12:30:49.864] [sharedprocess] [info] Extracted extension to /root/.vscode/extensions/.angular.ng-template-0.1001.0: angular.ng-template
[2020-09-28 12:30:49.864] [sharedprocess] [info] Renamed to /root/.vscode/extensions/angular.ng-template-0.1001.0
[2020-09-28 12:30:49.866] [sharedprocess] [info] Installation completed. angular.ng-template
[2020-09-28 12:30:49.876] [sharedprocess] [info] Extensions installed successfully: angular.ng-template
[2020-09-28 12:30:56.555] [sharedprocess] [info] Starting to clean up unused language packs.
[2020-09-28 12:30:59.910] [sharedprocess] [info] Downloaded extension: octref.vetur /var/www/socket/server/slack/~/.vscode/CachedExtensionVSIXs/octref.vetur-0.28.0
[2020-09-28 12:31:14.068] [sharedprocess] [info] Extracted extension to /root/.vscode/extensions/.wscats.eno-2.3.18: wscats.eno
[2020-09-28 12:31:14.070] [sharedprocess] [info] Renamed to /root/.vscode/extensions/wscats.eno-2.3.18
[2020-09-28 12:31:14.077] [sharedprocess] [info] Installation completed. wscats.eno
[2020-09-28 12:31:14.094] [sharedprocess] [info] Extensions installed successfully: wscats.eno
[2020-09-28 12:31:30.165] [sharedprocess] [info] Extracted extension to /root/.vscode/extensions/.octref.vetur-0.28.0: octref.vetur
[2020-09-28 12:31:30.165] [sharedprocess] [info] Renamed to /root/.vscode/extensions/octref.vetur-0.28.0
[2020-09-28 12:31:30.167] [sharedprocess] [info] Installation completed. octref.vetur
[2020-09-28 12:31:30.174] [sharedprocess] [info] Extensions installed successfully: octref.vetur
