[2020-09-29 17:56:01.352] [exthost] [info] extension host started
[2020-09-29 17:56:01.378] [exthost] [info] ExtensionService#_doActivateExtension vscode.microsoft-authentication {"startup":false,"extensionId":{"value":"vscode.microsoft-authentication","_lower":"vscode.microsoft-authentication"},"activationEvent":"onAuthenticationRequest:microsoft"}
[2020-09-29 17:56:01.379] [exthost] [info] ExtensionService#loadCommonJSModule file:///usr/share/code/resources/app/extensions/microsoft-authentication/dist/extension.js
[2020-09-29 17:56:02.314] [exthost] [info] ExtensionService#_doActivateExtension vscode.github-authentication {"startup":false,"extensionId":{"value":"vscode.github-authentication","_lower":"vscode.github-authentication"},"activationEvent":"onAuthenticationRequest:github"}
[2020-09-29 17:56:02.314] [exthost] [info] ExtensionService#loadCommonJSModule file:///usr/share/code/resources/app/extensions/github-authentication/dist/extension.js
[2020-09-29 17:56:02.648] [exthost] [info] ExtensionService#_doActivateExtension vscode.debug-auto-launch {"startup":true,"extensionId":{"value":"vscode.debug-auto-launch","_lower":"vscode.debug-auto-launch"},"activationEvent":"*"}
[2020-09-29 17:56:02.649] [exthost] [info] ExtensionService#loadCommonJSModule file:///usr/share/code/resources/app/extensions/debug-auto-launch/dist/extension
[2020-09-29 17:56:02.880] [exthost] [info] ExtensionService#_doActivateExtension vscode.emmet {"startup":true,"extensionId":{"value":"vscode.emmet","_lower":"vscode.emmet"},"activationEvent":"*"}
[2020-09-29 17:56:02.881] [exthost] [info] ExtensionService#loadCommonJSModule file:///usr/share/code/resources/app/extensions/emmet/dist/node/emmetNodeMain
[2020-09-29 17:56:03.457] [exthost] [info] ExtensionService#_doActivateExtension vscode.git {"startup":true,"extensionId":{"value":"vscode.github","_lower":"vscode.github"},"activationEvent":"*"}
[2020-09-29 17:56:03.457] [exthost] [info] ExtensionService#loadCommonJSModule file:///usr/share/code/resources/app/extensions/git/dist/main
[2020-09-29 17:56:03.847] [exthost] [info] ExtensionService#_doActivateExtension vscode.merge-conflict {"startup":true,"extensionId":{"value":"vscode.merge-conflict","_lower":"vscode.merge-conflict"},"activationEvent":"*"}
[2020-09-29 17:56:03.847] [exthost] [info] ExtensionService#loadCommonJSModule file:///usr/share/code/resources/app/extensions/merge-conflict/dist/mergeConflictMain
[2020-09-29 17:56:04.088] [exthost] [info] ExtensionService#_doActivateExtension vscode.search-result {"startup":true,"extensionId":{"value":"vscode.search-result","_lower":"vscode.search-result"},"activationEvent":"*"}
[2020-09-29 17:56:04.089] [exthost] [info] ExtensionService#loadCommonJSModule file:///usr/share/code/resources/app/extensions/search-result/dist/extension.js
[2020-09-29 17:56:04.280] [exthost] [info] ExtensionService#_doActivateExtension christian-kohler.path-intellisense {"startup":true,"extensionId":{"value":"christian-kohler.path-intellisense","_lower":"christian-kohler.path-intellisense"},"activationEvent":"*"}
[2020-09-29 17:56:04.281] [exthost] [info] ExtensionService#loadCommonJSModule file:///root/.vscode/extensions/christian-kohler.path-intellisense-2.3.0/out/extension.js
[2020-09-29 17:56:08.113] [exthost] [info] ExtensionService#_doActivateExtension CoenraadS.bracket-pair-colorizer {"startup":true,"extensionId":{"value":"CoenraadS.bracket-pair-colorizer","_lower":"coenraads.bracket-pair-colorizer"},"activationEvent":"*"}
[2020-09-29 17:56:08.113] [exthost] [info] ExtensionService#loadCommonJSModule file:///root/.vscode/extensions/coenraads.bracket-pair-colorizer-1.0.61/out/src/extension
[2020-09-29 17:56:11.135] [exthost] [info] ExtensionService#_doActivateExtension dbaeumer.vscode-eslint {"startup":true,"extensionId":{"value":"dbaeumer.vscode-eslint","_lower":"dbaeumer.vscode-eslint"},"activationEvent":"*"}
[2020-09-29 17:56:11.135] [exthost] [info] ExtensionService#loadCommonJSModule file:///root/.vscode/extensions/dbaeumer.vscode-eslint-2.1.8/client/out/extension
[2020-09-29 17:56:11.393] [exthost] [info] ExtensionService#_doActivateExtension eamodio.gitlens {"startup":true,"extensionId":{"value":"eamodio.gitlens","_lower":"eamodio.gitlens"},"activationEvent":"*"}
[2020-09-29 17:56:11.393] [exthost] [info] ExtensionService#loadCommonJSModule file:///root/.vscode/extensions/eamodio.gitlens-10.2.2/dist/extension
[2020-09-29 17:56:11.909] [exthost] [info] ExtensionService#_doActivateExtension formulahendry.auto-close-tag {"startup":true,"extensionId":{"value":"formulahendry.auto-close-tag","_lower":"formulahendry.auto-close-tag"},"activationEvent":"*"}
[2020-09-29 17:56:11.910] [exthost] [info] ExtensionService#loadCommonJSModule file:///root/.vscode/extensions/formulahendry.auto-close-tag-0.5.8/out/src/extension
[2020-09-29 17:56:12.309] [exthost] [info] ExtensionService#_doActivateExtension formulahendry.auto-rename-tag {"startup":true,"extensionId":{"value":"formulahendry.auto-rename-tag","_lower":"formulahendry.auto-rename-tag"},"activationEvent":"*"}
[2020-09-29 17:56:12.309] [exthost] [info] ExtensionService#loadCommonJSModule file:///root/.vscode/extensions/formulahendry.auto-rename-tag-0.1.4/packages/extension/dist/extensionMain.js
[2020-09-29 17:56:12.597] [exthost] [info] ExtensionService#_doActivateExtension ritwickdey.LiveServer {"startup":true,"extensionId":{"value":"ritwickdey.LiveServer","_lower":"ritwickdey.liveserver"},"activationEvent":"*"}
[2020-09-29 17:56:12.597] [exthost] [info] ExtensionService#loadCommonJSModule file:///root/.vscode/extensions/ritwickdey.liveserver-5.6.1/out/src/extension
[2020-09-29 17:57:10.045] [exthost] [info] ExtensionService#_doActivateExtension Wscats.eno {"startup":true,"extensionId":{"value":"Wscats.eno","_lower":"wscats.eno"},"activationEvent":"*"}
[2020-09-29 17:57:10.045] [exthost] [info] ExtensionService#loadCommonJSModule file:///root/.vscode/extensions/wscats.eno-2.3.18/out/extension.js
[2020-09-29 17:57:26.293] [exthost] [info] extension host started
[2020-09-29 17:57:26.365] [exthost] [info] ExtensionService#_doActivateExtension vscode.microsoft-authentication {"startup":false,"extensionId":{"value":"vscode.microsoft-authentication","_lower":"vscode.microsoft-authentication"},"activationEvent":"onAuthenticationRequest:microsoft"}
[2020-09-29 17:57:26.366] [exthost] [info] ExtensionService#loadCommonJSModule file:///usr/share/code/resources/app/extensions/microsoft-authentication/dist/extension.js
[2020-09-29 17:57:26.384] [exthost] [info] ExtensionService#_doActivateExtension vscode.github-authentication {"startup":false,"extensionId":{"value":"vscode.github-authentication","_lower":"vscode.github-authentication"},"activationEvent":"onAuthenticationRequest:github"}
[2020-09-29 17:57:26.384] [exthost] [info] ExtensionService#loadCommonJSModule file:///usr/share/code/resources/app/extensions/github-authentication/dist/extension.js
[2020-09-29 17:57:26.400] [exthost] [info] ExtensionService#_doActivateExtension vscode.debug-auto-launch {"startup":true,"extensionId":{"value":"vscode.debug-auto-launch","_lower":"vscode.debug-auto-launch"},"activationEvent":"*"}
[2020-09-29 17:57:26.403] [exthost] [info] ExtensionService#loadCommonJSModule file:///usr/share/code/resources/app/extensions/debug-auto-launch/dist/extension
[2020-09-29 17:57:26.407] [exthost] [info] ExtensionService#_doActivateExtension vscode.emmet {"startup":true,"extensionId":{"value":"vscode.emmet","_lower":"vscode.emmet"},"activationEvent":"*"}
[2020-09-29 17:57:26.407] [exthost] [info] ExtensionService#loadCommonJSModule file:///usr/share/code/resources/app/extensions/emmet/dist/node/emmetNodeMain
[2020-09-29 17:57:26.433] [exthost] [info] ExtensionService#_doActivateExtension vscode.git {"startup":true,"extensionId":{"value":"vscode.github","_lower":"vscode.github"},"activationEvent":"*"}
[2020-09-29 17:57:26.433] [exthost] [info] ExtensionService#loadCommonJSModule file:///usr/share/code/resources/app/extensions/git/dist/main
[2020-09-29 17:57:26.482] [exthost] [info] ExtensionService#_doActivateExtension vscode.merge-conflict {"startup":true,"extensionId":{"value":"vscode.merge-conflict","_lower":"vscode.merge-conflict"},"activationEvent":"*"}
[2020-09-29 17:57:26.483] [exthost] [info] ExtensionService#loadCommonJSModule file:///usr/share/code/resources/app/extensions/merge-conflict/dist/mergeConflictMain
[2020-09-29 17:57:26.487] [exthost] [info] ExtensionService#_doActivateExtension vscode.search-result {"startup":true,"extensionId":{"value":"vscode.search-result","_lower":"vscode.search-result"},"activationEvent":"*"}
[2020-09-29 17:57:26.487] [exthost] [info] ExtensionService#loadCommonJSModule file:///usr/share/code/resources/app/extensions/search-result/dist/extension.js
[2020-09-29 17:57:26.488] [exthost] [info] ExtensionService#_doActivateExtension christian-kohler.path-intellisense {"startup":true,"extensionId":{"value":"christian-kohler.path-intellisense","_lower":"christian-kohler.path-intellisense"},"activationEvent":"*"}
[2020-09-29 17:57:26.488] [exthost] [info] ExtensionService#loadCommonJSModule file:///root/.vscode/extensions/christian-kohler.path-intellisense-2.3.0/out/extension.js
[2020-09-29 17:57:26.500] [exthost] [info] ExtensionService#_doActivateExtension CoenraadS.bracket-pair-colorizer {"startup":true,"extensionId":{"value":"CoenraadS.bracket-pair-colorizer","_lower":"coenraads.bracket-pair-colorizer"},"activationEvent":"*"}
[2020-09-29 17:57:26.501] [exthost] [info] ExtensionService#loadCommonJSModule file:///root/.vscode/extensions/coenraads.bracket-pair-colorizer-1.0.61/out/src/extension
[2020-09-29 17:57:26.514] [exthost] [info] ExtensionService#_doActivateExtension dbaeumer.vscode-eslint {"startup":true,"extensionId":{"value":"dbaeumer.vscode-eslint","_lower":"dbaeumer.vscode-eslint"},"activationEvent":"*"}
[2020-09-29 17:57:26.514] [exthost] [info] ExtensionService#loadCommonJSModule file:///root/.vscode/extensions/dbaeumer.vscode-eslint-2.1.8/client/out/extension
[2020-09-29 17:57:26.527] [exthost] [info] ExtensionService#_doActivateExtension eamodio.gitlens {"startup":true,"extensionId":{"value":"eamodio.gitlens","_lower":"eamodio.gitlens"},"activationEvent":"*"}
[2020-09-29 17:57:26.527] [exthost] [info] ExtensionService#loadCommonJSModule file:///root/.vscode/extensions/eamodio.gitlens-10.2.2/dist/extension
[2020-09-29 17:57:26.579] [exthost] [info] ExtensionService#_doActivateExtension formulahendry.auto-close-tag {"startup":true,"extensionId":{"value":"formulahendry.auto-close-tag","_lower":"formulahendry.auto-close-tag"},"activationEvent":"*"}
[2020-09-29 17:57:26.579] [exthost] [info] ExtensionService#loadCommonJSModule file:///root/.vscode/extensions/formulahendry.auto-close-tag-0.5.8/out/src/extension
[2020-09-29 17:57:26.580] [exthost] [info] ExtensionService#_doActivateExtension formulahendry.auto-rename-tag {"startup":true,"extensionId":{"value":"formulahendry.auto-rename-tag","_lower":"formulahendry.auto-rename-tag"},"activationEvent":"*"}
[2020-09-29 17:57:26.580] [exthost] [info] ExtensionService#loadCommonJSModule file:///root/.vscode/extensions/formulahendry.auto-rename-tag-0.1.4/packages/extension/dist/extensionMain.js
[2020-09-29 17:57:26.600] [exthost] [info] ExtensionService#_doActivateExtension ritwickdey.LiveServer {"startup":true,"extensionId":{"value":"ritwickdey.LiveServer","_lower":"ritwickdey.liveserver"},"activationEvent":"*"}
[2020-09-29 17:57:26.600] [exthost] [info] ExtensionService#loadCommonJSModule file:///root/.vscode/extensions/ritwickdey.liveserver-5.6.1/out/src/extension
[2020-09-29 17:57:26.894] [exthost] [info] ExtensionService#_doActivateExtension Wscats.eno {"startup":true,"extensionId":{"value":"Wscats.eno","_lower":"wscats.eno"},"activationEvent":"*"}
[2020-09-29 17:57:26.894] [exthost] [info] ExtensionService#loadCommonJSModule file:///root/.vscode/extensions/wscats.eno-2.3.18/out/extension.js
[2020-09-29 17:57:33.989] [exthost] [info] ExtensionService#_doActivateExtension vscode.npm {"startup":true,"extensionId":{"value":"vscode.npm","_lower":"vscode.npm"},"activationEvent":"workspaceContains:package.json"}
[2020-09-29 17:57:33.989] [exthost] [info] ExtensionService#loadCommonJSModule file:///usr/share/code/resources/app/extensions/npm/dist/npmMain
[2020-09-29 17:57:34.366] [exthost] [info] ExtensionService#_doActivateExtension vscode.github {"startup":true,"extensionId":{"value":"vscode.github","_lower":"vscode.github"},"activationEvent":"*"}
[2020-09-29 17:57:34.367] [exthost] [info] ExtensionService#loadCommonJSModule file:///usr/share/code/resources/app/extensions/github/dist/extension.js
[2020-09-29 17:57:34.661] [exthost] [info] ExtensionService#_doActivateExtension esbenp.prettier-vscode {"startup":false,"extensionId":{"value":"esbenp.prettier-vscode","_lower":"esbenp.prettier-vscode"},"activationEvent":"onStartupFinished"}
[2020-09-29 17:57:34.662] [exthost] [info] ExtensionService#loadCommonJSModule file:///root/.vscode/extensions/esbenp.prettier-vscode-5.7.1/dist/extension
[2020-09-29 17:57:34.980] [exthost] [info] eager extensions activated
[2020-09-29 17:57:45.452] [exthost] [info] ExtensionService#_doActivateExtension vscode.typescript-language-features {"startup":false,"extensionId":{"value":"vscode.typescript-language-features","_lower":"vscode.typescript-language-features"},"activationEvent":"onLanguage:javascript"}
[2020-09-29 17:57:45.452] [exthost] [info] ExtensionService#loadCommonJSModule file:///usr/share/code/resources/app/extensions/typescript-language-features/dist/extension
[2020-09-29 17:57:45.787] [exthost] [info] ExtensionService#_doActivateExtension christian-kohler.npm-intellisense {"startup":false,"extensionId":{"value":"christian-kohler.npm-intellisense","_lower":"christian-kohler.npm-intellisense"},"activationEvent":"onLanguage:javascript"}
[2020-09-29 17:57:45.787] [exthost] [info] ExtensionService#loadCommonJSModule file:///root/.vscode/extensions/christian-kohler.npm-intellisense-1.3.1/out/src/extension
[2020-09-29 17:57:46.497] [exthost] [info] ExtensionService#_doActivateExtension ecmel.vscode-html-css {"startup":false,"extensionId":{"value":"ecmel.vscode-html-css","_lower":"ecmel.vscode-html-css"},"activationEvent":"onLanguage:javascript"}
[2020-09-29 17:57:46.497] [exthost] [info] ExtensionService#loadCommonJSModule file:///root/.vscode/extensions/ecmel.vscode-html-css-0.2.3/dist/extension
[2020-09-29 17:57:46.820] [exthost] [info] ExtensionService#_doActivateExtension VisualStudioExptTeam.vscodeintellicode {"startup":false,"extensionId":{"value":"VisualStudioExptTeam.vscodeintellicode","_lower":"visualstudioexptteam.vscodeintellicode"},"activationEvent":"onLanguage:javascript"}
[2020-09-29 17:57:46.820] [exthost] [info] ExtensionService#loadCommonJSModule file:///root/.vscode/extensions/visualstudioexptteam.vscodeintellicode-1.2.10/dist/intellicode
[2020-09-29 17:57:56.180] [exthost] [info] ExtensionService#_doActivateExtension vscode.html-language-features {"startup":false,"extensionId":{"value":"vscode.html-language-features","_lower":"vscode.html-language-features"},"activationEvent":"onLanguage:html"}
[2020-09-29 17:57:56.181] [exthost] [info] ExtensionService#loadCommonJSModule file:///usr/share/code/resources/app/extensions/html-language-features/client/dist/node/htmlClientMain
[2020-09-29 17:57:56.740] [exthost] [info] ExtensionService#_doActivateExtension Angular.ng-template {"startup":false,"extensionId":{"value":"Angular.ng-template","_lower":"angular.ng-template"},"activationEvent":"onLanguage:html"}
[2020-09-29 17:57:56.740] [exthost] [info] ExtensionService#loadCommonJSModule file:///root/.vscode/extensions/angular.ng-template-0.1001.0/client
[2020-09-29 18:38:05.023] [exthost] [info] ExtensionService#_doActivateExtension vscode.extension-editing {"startup":false,"extensionId":{"value":"vscode.extension-editing","_lower":"vscode.extension-editing"},"activationEvent":"onLanguage:typescript"}
[2020-09-29 18:38:05.024] [exthost] [info] ExtensionService#loadCommonJSModule file:///usr/share/code/resources/app/extensions/extension-editing/dist/extensionEditingMain
[2020-09-29 18:57:39.800] [exthost] [info] ExtensionService#_doActivateExtension vscode.css-language-features {"startup":false,"extensionId":{"value":"vscode.css-language-features","_lower":"vscode.css-language-features"},"activationEvent":"onLanguage:css"}
[2020-09-29 18:57:39.800] [exthost] [info] ExtensionService#loadCommonJSModule file:///usr/share/code/resources/app/extensions/css-language-features/client/dist/node/cssClientMain
[2020-09-29 19:04:20.973] [exthost] [info] ExtensionService#_doActivateExtension vscode.image-preview {"startup":false,"extensionId":{"value":"vscode.image-preview","_lower":"vscode.image-preview"},"activationEvent":"onCustomEditor:imagePreview.previewEditor"}
[2020-09-29 19:04:20.973] [exthost] [info] ExtensionService#loadCommonJSModule file:///usr/share/code/resources/app/extensions/image-preview/dist/extension
[2020-09-29 23:37:06.107] [exthost] [error] [vscode.typescript-language-features] provider FAILED
[2020-09-29 23:37:06.114] [exthost] [error] Error: <semantic> TypeScript Server Error (4.0.2)
Debug Failure. False expression.
Error: Debug Failure. False expression.
    at Object.first (/usr/share/code/resources/app/extensions/node_modules/typescript/lib/tsserver.js:1120:18)
    at Object.getImportCompletionAction (/usr/share/code/resources/app/extensions/node_modules/typescript/lib/tsserver.js:132973:38)
    at getCompletionEntryCodeActionsAndSourceDisplay (/usr/share/code/resources/app/extensions/node_modules/typescript/lib/tsserver.js:115479:33)
    at Object.getCompletionEntryDetails (/usr/share/code/resources/app/extensions/node_modules/typescript/lib/tsserver.js:115443:30)
    at Proxy.getCompletionEntryDetails (/usr/share/code/resources/app/extensions/node_modules/typescript/lib/tsserver.js:143486:35)
    at /root/.vscode/extensions/visualstudioexptteam.vscodeintellicode-1.2.10/node_modules/@vsintellicode/typescript-intellicode-plugin/lib/index.js:2:6671
    at Object.r.getCompletionEntryDetails (/root/.vscode/extensions/visualstudioexptteam.vscodeintellicode-1.2.10/node_modules/@vsintellicode/typescript-intellicode-plugin/lib/index.js:2:6797)
    at /usr/share/code/resources/app/extensions/node_modules/typescript/lib/tsserver.js:154350:57
    at Object.mapDefined (/usr/share/code/resources/app/extensions/node_modules/typescript/lib/tsserver.js:610:30)
    at IOSession.Session.getCompletionEntryDetails (/usr/share/code/resources/app/extensions/node_modules/typescript/lib/tsserver.js:154348:33)
    at Session.handlers.ts.Map.ts.getEntries._a.<computed> (/usr/share/code/resources/app/extensions/node_modules/typescript/lib/tsserver.js:153213:61)
    at /usr/share/code/resources/app/extensions/node_modules/typescript/lib/tsserver.js:154953:88
    at IOSession.Session.executeWithRequestId (/usr/share/code/resources/app/extensions/node_modules/typescript/lib/tsserver.js:154944:28)
    at IOSession.Session.executeCommand (/usr/share/code/resources/app/extensions/node_modules/typescript/lib/tsserver.js:154953:33)
    at IOSession.Session.onMessage (/usr/share/code/resources/app/extensions/node_modules/typescript/lib/tsserver.js:154977:35)
    at Interface.<anonymous> (/usr/share/code/resources/app/extensions/node_modules/typescript/lib/tsserver.js:157193:27)
    at Interface.emit (events.js:223:5)
    at Interface._onLine (readline.js:315:10)
    at Interface._normalWrite (readline.js:460:12)
    at Socket.ondata (readline.js:172:10)
    at Socket.emit (events.js:223:5)
    at addChunk (_stream_readable.js:309:12)
    at readableAddChunk (_stream_readable.js:290:11)
    at Socket.Readable.push (_stream_readable.js:224:10)
    at Pipe.onStreamRead (internal/stream_base_commons.js:181:23)
    at Function.create (/usr/share/code/resources/app/extensions/typescript-language-features/dist/extension.js:1:76465)
    at h.dispatchResponse (/usr/share/code/resources/app/extensions/typescript-language-features/dist/extension.js:1:70340)
    at h.dispatchMessage (/usr/share/code/resources/app/extensions/typescript-language-features/dist/extension.js:1:69199)
    at /usr/share/code/resources/app/extensions/typescript-language-features/dist/extension.js:1:68709
    at l.fire (/usr/share/code/resources/app/out/vs/workbench/services/extensions/node/extensionHostProcess.js:46:475)
    at g.onLengthData (/usr/share/code/resources/app/extensions/typescript-language-features/dist/extension.js:45:60018)
    at Socket.<anonymous> (/usr/share/code/resources/app/extensions/typescript-language-features/dist/extension.js:45:59666)
    at Socket.emit (events.js:223:5)
    at Socket.EventEmitter.emit (domain.js:475:20)
    at addChunk (_stream_readable.js:309:12)
    at readableAddChunk (_stream_readable.js:290:11)
    at Socket.Readable.push (_stream_readable.js:224:10)
    at Pipe.onStreamRead (internal/stream_base_commons.js:181:23)
[2020-09-29 23:37:27.840] [exthost] [error] [vscode.typescript-language-features] provider FAILED
[2020-09-29 23:37:27.841] [exthost] [error] Error: <semantic> TypeScript Server Error (4.0.2)
Debug Failure. False expression.
Error: Debug Failure. False expression.
    at Object.first (/usr/share/code/resources/app/extensions/node_modules/typescript/lib/tsserver.js:1120:18)
    at Object.getImportCompletionAction (/usr/share/code/resources/app/extensions/node_modules/typescript/lib/tsserver.js:132973:38)
    at getCompletionEntryCodeActionsAndSourceDisplay (/usr/share/code/resources/app/extensions/node_modules/typescript/lib/tsserver.js:115479:33)
    at Object.getCompletionEntryDetails (/usr/share/code/resources/app/extensions/node_modules/typescript/lib/tsserver.js:115443:30)
    at Proxy.getCompletionEntryDetails (/usr/share/code/resources/app/extensions/node_modules/typescript/lib/tsserver.js:143486:35)
    at /root/.vscode/extensions/visualstudioexptteam.vscodeintellicode-1.2.10/node_modules/@vsintellicode/typescript-intellicode-plugin/lib/index.js:2:6671
    at Object.r.getCompletionEntryDetails (/root/.vscode/extensions/visualstudioexptteam.vscodeintellicode-1.2.10/node_modules/@vsintellicode/typescript-intellicode-plugin/lib/index.js:2:6797)
    at /usr/share/code/resources/app/extensions/node_modules/typescript/lib/tsserver.js:154350:57
    at Object.mapDefined (/usr/share/code/resources/app/extensions/node_modules/typescript/lib/tsserver.js:610:30)
    at IOSession.Session.getCompletionEntryDetails (/usr/share/code/resources/app/extensions/node_modules/typescript/lib/tsserver.js:154348:33)
    at Session.handlers.ts.Map.ts.getEntries._a.<computed> (/usr/share/code/resources/app/extensions/node_modules/typescript/lib/tsserver.js:153213:61)
    at /usr/share/code/resources/app/extensions/node_modules/typescript/lib/tsserver.js:154953:88
    at IOSession.Session.executeWithRequestId (/usr/share/code/resources/app/extensions/node_modules/typescript/lib/tsserver.js:154944:28)
    at IOSession.Session.executeCommand (/usr/share/code/resources/app/extensions/node_modules/typescript/lib/tsserver.js:154953:33)
    at IOSession.Session.onMessage (/usr/share/code/resources/app/extensions/node_modules/typescript/lib/tsserver.js:154977:35)
    at Interface.<anonymous> (/usr/share/code/resources/app/extensions/node_modules/typescript/lib/tsserver.js:157193:27)
    at Interface.emit (events.js:223:5)
    at Interface._onLine (readline.js:315:10)
    at Interface._normalWrite (readline.js:460:12)
    at Socket.ondata (readline.js:172:10)
    at Socket.emit (events.js:223:5)
    at addChunk (_stream_readable.js:309:12)
    at readableAddChunk (_stream_readable.js:290:11)
    at Socket.Readable.push (_stream_readable.js:224:10)
    at Pipe.onStreamRead (internal/stream_base_commons.js:181:23)
    at Function.create (/usr/share/code/resources/app/extensions/typescript-language-features/dist/extension.js:1:76465)
    at h.dispatchResponse (/usr/share/code/resources/app/extensions/typescript-language-features/dist/extension.js:1:70340)
    at h.dispatchMessage (/usr/share/code/resources/app/extensions/typescript-language-features/dist/extension.js:1:69199)
    at /usr/share/code/resources/app/extensions/typescript-language-features/dist/extension.js:1:68709
    at l.fire (/usr/share/code/resources/app/out/vs/workbench/services/extensions/node/extensionHostProcess.js:46:475)
    at g.onLengthData (/usr/share/code/resources/app/extensions/typescript-language-features/dist/extension.js:45:60018)
    at Socket.<anonymous> (/usr/share/code/resources/app/extensions/typescript-language-features/dist/extension.js:45:59666)
    at Socket.emit (events.js:223:5)
    at Socket.EventEmitter.emit (domain.js:475:20)
    at addChunk (_stream_readable.js:309:12)
    at readableAddChunk (_stream_readable.js:290:11)
    at Socket.Readable.push (_stream_readable.js:224:10)
    at Pipe.onStreamRead (internal/stream_base_commons.js:181:23)
[2020-09-30 09:11:06.943] [exthost] [error] [vscode.typescript-language-features] provider FAILED
[2020-09-30 09:11:06.951] [exthost] [error] Error: <semantic> TypeScript Server Error (4.0.2)
Debug Failure. False expression.
Error: Debug Failure. False expression.
    at Object.first (/usr/share/code/resources/app/extensions/node_modules/typescript/lib/tsserver.js:1120:18)
    at Object.getImportCompletionAction (/usr/share/code/resources/app/extensions/node_modules/typescript/lib/tsserver.js:132973:38)
    at getCompletionEntryCodeActionsAndSourceDisplay (/usr/share/code/resources/app/extensions/node_modules/typescript/lib/tsserver.js:115479:33)
    at Object.getCompletionEntryDetails (/usr/share/code/resources/app/extensions/node_modules/typescript/lib/tsserver.js:115443:30)
    at Proxy.getCompletionEntryDetails (/usr/share/code/resources/app/extensions/node_modules/typescript/lib/tsserver.js:143486:35)
    at /root/.vscode/extensions/visualstudioexptteam.vscodeintellicode-1.2.10/node_modules/@vsintellicode/typescript-intellicode-plugin/lib/index.js:2:6671
    at Object.r.getCompletionEntryDetails (/root/.vscode/extensions/visualstudioexptteam.vscodeintellicode-1.2.10/node_modules/@vsintellicode/typescript-intellicode-plugin/lib/index.js:2:6797)
    at /usr/share/code/resources/app/extensions/node_modules/typescript/lib/tsserver.js:154350:57
    at Object.mapDefined (/usr/share/code/resources/app/extensions/node_modules/typescript/lib/tsserver.js:610:30)
    at IOSession.Session.getCompletionEntryDetails (/usr/share/code/resources/app/extensions/node_modules/typescript/lib/tsserver.js:154348:33)
    at Session.handlers.ts.Map.ts.getEntries._a.<computed> (/usr/share/code/resources/app/extensions/node_modules/typescript/lib/tsserver.js:153213:61)
    at /usr/share/code/resources/app/extensions/node_modules/typescript/lib/tsserver.js:154953:88
    at IOSession.Session.executeWithRequestId (/usr/share/code/resources/app/extensions/node_modules/typescript/lib/tsserver.js:154944:28)
    at IOSession.Session.executeCommand (/usr/share/code/resources/app/extensions/node_modules/typescript/lib/tsserver.js:154953:33)
    at IOSession.Session.onMessage (/usr/share/code/resources/app/extensions/node_modules/typescript/lib/tsserver.js:154977:35)
    at Interface.<anonymous> (/usr/share/code/resources/app/extensions/node_modules/typescript/lib/tsserver.js:157193:27)
    at Interface.emit (events.js:223:5)
    at Interface._onLine (readline.js:315:10)
    at Interface._normalWrite (readline.js:460:12)
    at Socket.ondata (readline.js:172:10)
    at Socket.emit (events.js:223:5)
    at addChunk (_stream_readable.js:309:12)
    at readableAddChunk (_stream_readable.js:290:11)
    at Socket.Readable.push (_stream_readable.js:224:10)
    at Pipe.onStreamRead (internal/stream_base_commons.js:181:23)
    at Function.create (/usr/share/code/resources/app/extensions/typescript-language-features/dist/extension.js:1:76465)
    at h.dispatchResponse (/usr/share/code/resources/app/extensions/typescript-language-features/dist/extension.js:1:70340)
    at h.dispatchMessage (/usr/share/code/resources/app/extensions/typescript-language-features/dist/extension.js:1:69199)
    at /usr/share/code/resources/app/extensions/typescript-language-features/dist/extension.js:1:68709
    at l.fire (/usr/share/code/resources/app/out/vs/workbench/services/extensions/node/extensionHostProcess.js:46:475)
    at g.onLengthData (/usr/share/code/resources/app/extensions/typescript-language-features/dist/extension.js:45:60018)
    at Socket.<anonymous> (/usr/share/code/resources/app/extensions/typescript-language-features/dist/extension.js:45:59666)
    at Socket.emit (events.js:223:5)
    at Socket.EventEmitter.emit (domain.js:475:20)
    at addChunk (_stream_readable.js:309:12)
    at readableAddChunk (_stream_readable.js:290:11)
    at Socket.Readable.push (_stream_readable.js:224:10)
    at Pipe.onStreamRead (internal/stream_base_commons.js:181:23)
[2020-09-30 09:27:11.838] [exthost] [error] [vscode.typescript-language-features] provider FAILED
[2020-09-30 09:27:11.839] [exthost] [error] Error: DisposableStore is missing...
    at U._convertCompletionItem (/usr/share/code/resources/app/out/vs/workbench/services/extensions/node/extensionHostProcess.js:725:365)
    at U.resolveCompletionItem (/usr/share/code/resources/app/out/vs/workbench/services/extensions/node/extensionHostProcess.js:725:132)
    at runMicrotasks (<anonymous>)
    at processTicksAndRejections (internal/process/task_queues.js:94:5)
