[2020-10-01 13:30:31.685] [exthost] [info] extension host started
[2020-10-01 13:30:31.928] [exthost] [info] ExtensionService#_doActivateExtension vscode.microsoft-authentication {"startup":false,"extensionId":{"value":"vscode.microsoft-authentication","_lower":"vscode.microsoft-authentication"},"activationEvent":"onAuthenticationRequest:microsoft"}
[2020-10-01 13:30:31.928] [exthost] [info] ExtensionService#loadCommonJSModule file:///usr/share/code/resources/app/extensions/microsoft-authentication/dist/extension.js
[2020-10-01 13:30:32.321] [exthost] [info] ExtensionService#_doActivateExtension vscode.github-authentication {"startup":false,"extensionId":{"value":"vscode.github-authentication","_lower":"vscode.github-authentication"},"activationEvent":"onAuthenticationRequest:github"}
[2020-10-01 13:30:32.321] [exthost] [info] ExtensionService#loadCommonJSModule file:///usr/share/code/resources/app/extensions/github-authentication/dist/extension.js
[2020-10-01 13:30:32.999] [exthost] [info] ExtensionService#_doActivateExtension vscode.typescript-language-features {"startup":false,"extensionId":{"value":"vscode.typescript-language-features","_lower":"vscode.typescript-language-features"},"activationEvent":"onLanguage:javascript"}
[2020-10-01 13:30:32.999] [exthost] [info] ExtensionService#loadCommonJSModule file:///usr/share/code/resources/app/extensions/typescript-language-features/dist/extension
[2020-10-01 13:30:33.459] [exthost] [info] ExtensionService#_doActivateExtension christian-kohler.npm-intellisense {"startup":false,"extensionId":{"value":"christian-kohler.npm-intellisense","_lower":"christian-kohler.npm-intellisense"},"activationEvent":"onLanguage:javascript"}
[2020-10-01 13:30:33.459] [exthost] [info] ExtensionService#loadCommonJSModule file:///root/.vscode/extensions/christian-kohler.npm-intellisense-1.3.1/out/src/extension
[2020-10-01 13:30:34.224] [exthost] [info] ExtensionService#_doActivateExtension ecmel.vscode-html-css {"startup":false,"extensionId":{"value":"ecmel.vscode-html-css","_lower":"ecmel.vscode-html-css"},"activationEvent":"onLanguage:javascript"}
[2020-10-01 13:30:34.225] [exthost] [info] ExtensionService#loadCommonJSModule file:///root/.vscode/extensions/ecmel.vscode-html-css-0.2.3/dist/extension
[2020-10-01 13:30:34.421] [exthost] [info] ExtensionService#_doActivateExtension VisualStudioExptTeam.vscodeintellicode {"startup":false,"extensionId":{"value":"VisualStudioExptTeam.vscodeintellicode","_lower":"visualstudioexptteam.vscodeintellicode"},"activationEvent":"onLanguage:javascript"}
[2020-10-01 13:30:34.421] [exthost] [info] ExtensionService#loadCommonJSModule file:///root/.vscode/extensions/visualstudioexptteam.vscodeintellicode-1.2.10/dist/intellicode
[2020-10-01 13:30:34.636] [exthost] [info] ExtensionService#_doActivateExtension vscode.debug-auto-launch {"startup":true,"extensionId":{"value":"vscode.debug-auto-launch","_lower":"vscode.debug-auto-launch"},"activationEvent":"*"}
[2020-10-01 13:30:34.636] [exthost] [info] ExtensionService#loadCommonJSModule file:///usr/share/code/resources/app/extensions/debug-auto-launch/dist/extension
[2020-10-01 13:30:34.774] [exthost] [info] ExtensionService#_doActivateExtension vscode.emmet {"startup":true,"extensionId":{"value":"vscode.emmet","_lower":"vscode.emmet"},"activationEvent":"*"}
[2020-10-01 13:30:34.774] [exthost] [info] ExtensionService#loadCommonJSModule file:///usr/share/code/resources/app/extensions/emmet/dist/node/emmetNodeMain
[2020-10-01 13:30:34.924] [exthost] [info] ExtensionService#_doActivateExtension vscode.git {"startup":true,"extensionId":{"value":"vscode.github","_lower":"vscode.github"},"activationEvent":"*"}
[2020-10-01 13:30:34.924] [exthost] [info] ExtensionService#loadCommonJSModule file:///usr/share/code/resources/app/extensions/git/dist/main
[2020-10-01 13:30:35.686] [exthost] [info] ExtensionService#_doActivateExtension vscode.merge-conflict {"startup":true,"extensionId":{"value":"vscode.merge-conflict","_lower":"vscode.merge-conflict"},"activationEvent":"*"}
[2020-10-01 13:30:35.686] [exthost] [info] ExtensionService#loadCommonJSModule file:///usr/share/code/resources/app/extensions/merge-conflict/dist/mergeConflictMain
[2020-10-01 13:30:35.960] [exthost] [info] ExtensionService#_doActivateExtension vscode.search-result {"startup":true,"extensionId":{"value":"vscode.search-result","_lower":"vscode.search-result"},"activationEvent":"*"}
[2020-10-01 13:30:35.960] [exthost] [info] ExtensionService#loadCommonJSModule file:///usr/share/code/resources/app/extensions/search-result/dist/extension.js
[2020-10-01 13:30:36.153] [exthost] [info] ExtensionService#_doActivateExtension christian-kohler.path-intellisense {"startup":true,"extensionId":{"value":"christian-kohler.path-intellisense","_lower":"christian-kohler.path-intellisense"},"activationEvent":"*"}
[2020-10-01 13:30:36.153] [exthost] [info] ExtensionService#loadCommonJSModule file:///root/.vscode/extensions/christian-kohler.path-intellisense-2.3.0/out/extension.js
[2020-10-01 13:30:36.692] [exthost] [info] ExtensionService#_doActivateExtension CoenraadS.bracket-pair-colorizer {"startup":true,"extensionId":{"value":"CoenraadS.bracket-pair-colorizer","_lower":"coenraads.bracket-pair-colorizer"},"activationEvent":"*"}
[2020-10-01 13:30:36.692] [exthost] [info] ExtensionService#loadCommonJSModule file:///root/.vscode/extensions/coenraads.bracket-pair-colorizer-1.0.61/out/src/extension
[2020-10-01 13:30:37.355] [exthost] [info] ExtensionService#_doActivateExtension dbaeumer.vscode-eslint {"startup":true,"extensionId":{"value":"dbaeumer.vscode-eslint","_lower":"dbaeumer.vscode-eslint"},"activationEvent":"*"}
[2020-10-01 13:30:37.355] [exthost] [info] ExtensionService#loadCommonJSModule file:///root/.vscode/extensions/dbaeumer.vscode-eslint-2.1.8/client/out/extension
[2020-10-01 13:30:37.399] [exthost] [info] ExtensionService#_doActivateExtension eamodio.gitlens {"startup":true,"extensionId":{"value":"eamodio.gitlens","_lower":"eamodio.gitlens"},"activationEvent":"*"}
[2020-10-01 13:30:37.399] [exthost] [info] ExtensionService#loadCommonJSModule file:///root/.vscode/extensions/eamodio.gitlens-10.2.2/dist/extension
[2020-10-01 13:30:37.536] [exthost] [info] ExtensionService#_doActivateExtension formulahendry.auto-close-tag {"startup":true,"extensionId":{"value":"formulahendry.auto-close-tag","_lower":"formulahendry.auto-close-tag"},"activationEvent":"*"}
[2020-10-01 13:30:37.536] [exthost] [info] ExtensionService#loadCommonJSModule file:///root/.vscode/extensions/formulahendry.auto-close-tag-0.5.8/out/src/extension
[2020-10-01 13:30:37.585] [exthost] [info] ExtensionService#_doActivateExtension formulahendry.auto-rename-tag {"startup":true,"extensionId":{"value":"formulahendry.auto-rename-tag","_lower":"formulahendry.auto-rename-tag"},"activationEvent":"*"}
[2020-10-01 13:30:37.585] [exthost] [info] ExtensionService#loadCommonJSModule file:///root/.vscode/extensions/formulahendry.auto-rename-tag-0.1.4/packages/extension/dist/extensionMain.js
[2020-10-01 13:30:37.650] [exthost] [info] ExtensionService#_doActivateExtension ritwickdey.LiveServer {"startup":true,"extensionId":{"value":"ritwickdey.LiveServer","_lower":"ritwickdey.liveserver"},"activationEvent":"*"}
[2020-10-01 13:30:37.650] [exthost] [info] ExtensionService#loadCommonJSModule file:///root/.vscode/extensions/ritwickdey.liveserver-5.6.1/out/src/extension
[2020-10-01 13:30:42.964] [exthost] [info] ExtensionService#_doActivateExtension Wscats.eno {"startup":true,"extensionId":{"value":"Wscats.eno","_lower":"wscats.eno"},"activationEvent":"*"}
[2020-10-01 13:30:42.964] [exthost] [info] ExtensionService#loadCommonJSModule file:///root/.vscode/extensions/wscats.eno-2.3.18/out/extension.js
[2020-10-01 13:31:30.310] [exthost] [info] ExtensionService#_doActivateExtension vscode.npm {"startup":true,"extensionId":{"value":"vscode.npm","_lower":"vscode.npm"},"activationEvent":"workspaceContains:package.json"}
[2020-10-01 13:31:30.310] [exthost] [info] ExtensionService#loadCommonJSModule file:///usr/share/code/resources/app/extensions/npm/dist/npmMain
[2020-10-01 13:31:30.942] [exthost] [info] ExtensionService#_doActivateExtension felixfbecker.php-intellisense {"startup":true,"extensionId":{"value":"felixfbecker.php-intellisense","_lower":"felixfbecker.php-intellisense"},"activationEvent":"workspaceContainsTimeout:**/*.php"}
[2020-10-01 13:31:30.942] [exthost] [info] ExtensionService#loadCommonJSModule file:///root/.vscode/extensions/felixfbecker.php-intellisense-2.3.14/out/extension
[2020-10-01 13:31:39.746] [exthost] [info] ExtensionService#_doActivateExtension esbenp.prettier-vscode {"startup":false,"extensionId":{"value":"esbenp.prettier-vscode","_lower":"esbenp.prettier-vscode"},"activationEvent":"onStartupFinished"}
[2020-10-01 13:31:39.746] [exthost] [info] ExtensionService#loadCommonJSModule file:///root/.vscode/extensions/esbenp.prettier-vscode-5.7.1/dist/extension
[2020-10-01 13:31:41.145] [exthost] [info] ExtensionService#_doActivateExtension vscode.github {"startup":true,"extensionId":{"value":"vscode.github","_lower":"vscode.github"},"activationEvent":"*"}
[2020-10-01 13:31:41.146] [exthost] [info] ExtensionService#loadCommonJSModule file:///usr/share/code/resources/app/extensions/github/dist/extension.js
[2020-10-01 13:31:42.239] [exthost] [info] eager extensions activated
[2020-10-01 13:31:42.530] [exthost] [info] ExtensionService#_doActivateExtension vscode.html-language-features {"startup":false,"extensionId":{"value":"vscode.html-language-features","_lower":"vscode.html-language-features"},"activationEvent":"onLanguage:html"}
[2020-10-01 13:31:42.530] [exthost] [info] ExtensionService#loadCommonJSModule file:///usr/share/code/resources/app/extensions/html-language-features/client/dist/node/htmlClientMain
[2020-10-01 13:31:43.515] [exthost] [info] ExtensionService#_doActivateExtension Angular.ng-template {"startup":false,"extensionId":{"value":"Angular.ng-template","_lower":"angular.ng-template"},"activationEvent":"onLanguage:html"}
[2020-10-01 13:31:43.515] [exthost] [info] ExtensionService#loadCommonJSModule file:///root/.vscode/extensions/angular.ng-template-0.1001.0/client
[2020-10-01 13:32:48.056] [exthost] [info] ExtensionService#_doActivateExtension vscode.extension-editing {"startup":false,"extensionId":{"value":"vscode.extension-editing","_lower":"vscode.extension-editing"},"activationEvent":"onLanguage:typescript"}
[2020-10-01 13:32:48.056] [exthost] [info] ExtensionService#loadCommonJSModule file:///usr/share/code/resources/app/extensions/extension-editing/dist/extensionEditingMain
