Info 0    [17:58:9.363] Format host information updated
Info 1    [17:58:9.363] reload projects.
Info 2    [17:58:9.364] Before ensureProjectForOpenFiles:
Info 3    [17:58:9.364] After ensureProjectForOpenFiles:
Info 4    [17:58:9.364] Host file extension mappings updated
Info 5    [17:58:9.376] Search path: /var/www/socket/server/Agar.IO Clone
Info 6    [17:58:9.377] For info: /var/www/socket/server/Agar.IO Clone/index.html :: No config files found.
Info 7    [17:58:9.379] Loading global plugin @angular/language-service
Info 8    [17:58:9.379] Enabling plugin @angular/language-service from candidate paths: /root/.vscode/extensions/angular.ng-template-0.1001.0/server/node_modules/@angular/language-service/bundles/language-service.js,/root/.vscode/extensions/angular.ng-template-0.1001.0/node_modules/typescript/lib/tsserverlibrary.js/../../..
Info 9    [17:58:9.379] Loading @angular/language-service from /root/.vscode/extensions/angular.ng-template-0.1001.0/server/node_modules/@angular/language-service/bundles/language-service.js (resolved to /root/.vscode/extensions/angular.ng-template-0.1001.0/server/node_modules/@angular/language-service/bundles/language-service.js/node_modules)
Info 10   [17:58:9.717] Plugin validation succeded
Info 11   [17:58:9.720] Starting updateGraphWorker: Project: /dev/null/inferredProject1*
Info 12   [17:58:13.751] Finishing updateGraphWorker: Project: /dev/null/inferredProject1* Version: 1 structureChanged: true Elapsed: 4031ms
Info 13   [17:58:13.751] Project '/dev/null/inferredProject1*' (Inferred)
Info 14   [17:58:13.751] 	Files (6)

Info 15   [17:58:13.751] -----------------------------------------------
Info 16   [18:1:22.263] Search path: /var/www/socket/server/Agar.IO Clone/public
Info 17   [18:1:22.264] For info: /var/www/socket/server/Agar.IO Clone/public/index.html :: No config files found.
Info 18   [18:1:22.264] Starting updateGraphWorker: Project: /dev/null/inferredProject1*
Info 19   [18:1:22.275] Finishing updateGraphWorker: Project: /dev/null/inferredProject1* Version: 2 structureChanged: true Elapsed: 11ms
Info 20   [18:1:22.275] Project '/dev/null/inferredProject1*' (Inferred)
Info 21   [18:1:22.275] 	Files (6)

Info 22   [18:1:22.275] -----------------------------------------------
Info 23   [18:35:54.516] FileWatcher:: Triggered with /var/www/socket/server/package.json 1:: WatchInfo: /var/www/socket/server/package.json 250 undefined Project:  WatchType: package.json file for import suggestions
Info 24   [18:35:54.517] Elapsed:: 0ms FileWatcher:: Triggered with /var/www/socket/server/package.json 1:: WatchInfo: /var/www/socket/server/package.json 250 undefined Project:  WatchType: package.json file for import suggestions
Info 25   [18:57:19.943] Starting updateGraphWorker: Project: /dev/null/inferredProject1*
Info 26   [18:57:20.0] Finishing updateGraphWorker: Project: /dev/null/inferredProject1* Version: 3 structureChanged: false Elapsed: 57ms
Info 27   [18:57:20.0] Different program with same set of files:: oldProgram.structureIsReused:: 2
Info 28   [18:57:29.816] Starting updateGraphWorker: Project: /dev/null/inferredProject1*
Info 29   [18:57:29.865] Finishing updateGraphWorker: Project: /dev/null/inferredProject1* Version: 4 structureChanged: false Elapsed: 49ms
Info 30   [18:57:29.865] Different program with same set of files:: oldProgram.structureIsReused:: 2
Info 31   [19:6:44.304] Starting updateGraphWorker: Project: /dev/null/inferredProject1*
Info 32   [19:6:44.364] Finishing updateGraphWorker: Project: /dev/null/inferredProject1* Version: 5 structureChanged: false Elapsed: 59ms
Info 33   [19:6:44.365] Different program with same set of files:: oldProgram.structureIsReused:: 2
Info 34   [19:6:45.857] Starting updateGraphWorker: Project: /dev/null/inferredProject1*
Info 35   [19:6:45.897] Finishing updateGraphWorker: Project: /dev/null/inferredProject1* Version: 6 structureChanged: false Elapsed: 40ms
Info 36   [19:6:45.897] Different program with same set of files:: oldProgram.structureIsReused:: 2
Info 37   [19:6:46.549] Starting updateGraphWorker: Project: /dev/null/inferredProject1*
Info 38   [19:6:46.616] Finishing updateGraphWorker: Project: /dev/null/inferredProject1* Version: 7 structureChanged: false Elapsed: 66ms
Info 39   [19:6:46.616] Different program with same set of files:: oldProgram.structureIsReused:: 2
Info 40   [19:6:46.617] Starting updateGraphWorker: Project: /dev/null/inferredProject1*
Info 41   [19:6:46.693] Finishing updateGraphWorker: Project: /dev/null/inferredProject1* Version: 8 structureChanged: false Elapsed: 76ms
Info 42   [19:6:46.693] Different program with same set of files:: oldProgram.structureIsReused:: 2
Info 43   [19:6:46.694] Starting updateGraphWorker: Project: /dev/null/inferredProject1*
Info 44   [19:6:46.742] Finishing updateGraphWorker: Project: /dev/null/inferredProject1* Version: 9 structureChanged: false Elapsed: 48ms
Info 45   [19:6:46.742] Different program with same set of files:: oldProgram.structureIsReused:: 2
Info 46   [19:6:46.742] Starting updateGraphWorker: Project: /dev/null/inferredProject1*
Info 47   [19:6:46.759] Finishing updateGraphWorker: Project: /dev/null/inferredProject1* Version: 10 structureChanged: false Elapsed: 17ms
Info 48   [19:6:46.759] Different program with same set of files:: oldProgram.structureIsReused:: 2
Info 49   [19:6:46.760] Starting updateGraphWorker: Project: /dev/null/inferredProject1*
Info 50   [19:6:46.784] Finishing updateGraphWorker: Project: /dev/null/inferredProject1* Version: 11 structureChanged: false Elapsed: 24ms
Info 51   [19:6:46.784] Different program with same set of files:: oldProgram.structureIsReused:: 2
Info 52   [19:6:46.840] Starting updateGraphWorker: Project: /dev/null/inferredProject1*
Info 53   [19:6:46.876] Finishing updateGraphWorker: Project: /dev/null/inferredProject1* Version: 12 structureChanged: false Elapsed: 36ms
Info 54   [19:6:46.876] Different program with same set of files:: oldProgram.structureIsReused:: 2
Info 55   [19:6:48.753] Starting updateGraphWorker: Project: /dev/null/inferredProject1*
Info 56   [19:6:48.773] Finishing updateGraphWorker: Project: /dev/null/inferredProject1* Version: 13 structureChanged: false Elapsed: 20ms
Info 57   [19:6:48.773] Different program with same set of files:: oldProgram.structureIsReused:: 2
Info 58   [19:6:48.882] Starting updateGraphWorker: Project: /dev/null/inferredProject1*
Info 59   [19:6:48.918] Finishing updateGraphWorker: Project: /dev/null/inferredProject1* Version: 14 structureChanged: false Elapsed: 36ms
Info 60   [19:6:48.919] Different program with same set of files:: oldProgram.structureIsReused:: 2
Info 61   [19:6:48.981] Starting updateGraphWorker: Project: /dev/null/inferredProject1*
Info 62   [19:6:49.9] Finishing updateGraphWorker: Project: /dev/null/inferredProject1* Version: 15 structureChanged: false Elapsed: 28ms
Info 63   [19:6:49.9] Different program with same set of files:: oldProgram.structureIsReused:: 2
Info 64   [19:6:49.354] Starting updateGraphWorker: Project: /dev/null/inferredProject1*
Info 65   [19:6:49.428] Finishing updateGraphWorker: Project: /dev/null/inferredProject1* Version: 16 structureChanged: false Elapsed: 74ms
Info 66   [19:6:49.429] Different program with same set of files:: oldProgram.structureIsReused:: 2
Info 67   [19:6:49.853] Starting updateGraphWorker: Project: /dev/null/inferredProject1*
Info 68   [19:6:49.866] Finishing updateGraphWorker: Project: /dev/null/inferredProject1* Version: 17 structureChanged: false Elapsed: 13ms
Info 69   [19:6:49.866] Different program with same set of files:: oldProgram.structureIsReused:: 2
Info 70   [19:6:50.869] Starting updateGraphWorker: Project: /dev/null/inferredProject1*
Info 71   [19:6:50.887] Finishing updateGraphWorker: Project: /dev/null/inferredProject1* Version: 18 structureChanged: false Elapsed: 18ms
Info 72   [19:6:50.887] Different program with same set of files:: oldProgram.structureIsReused:: 2
Info 73   [19:6:51.89] Starting updateGraphWorker: Project: /dev/null/inferredProject1*
Info 74   [19:6:51.101] Finishing updateGraphWorker: Project: /dev/null/inferredProject1* Version: 19 structureChanged: false Elapsed: 12ms
Info 75   [19:6:51.101] Different program with same set of files:: oldProgram.structureIsReused:: 2
Info 76   [19:6:52.314] Starting updateGraphWorker: Project: /dev/null/inferredProject1*
Info 77   [19:6:52.334] Finishing updateGraphWorker: Project: /dev/null/inferredProject1* Version: 20 structureChanged: false Elapsed: 20ms
Info 78   [19:6:52.334] Different program with same set of files:: oldProgram.structureIsReused:: 2
Info 79   [19:6:52.553] Starting updateGraphWorker: Project: /dev/null/inferredProject1*
Info 80   [19:6:52.572] Finishing updateGraphWorker: Project: /dev/null/inferredProject1* Version: 21 structureChanged: false Elapsed: 19ms
Info 81   [19:6:52.572] Different program with same set of files:: oldProgram.structureIsReused:: 2
Info 82   [19:6:52.761] Starting updateGraphWorker: Project: /dev/null/inferredProject1*
Info 83   [19:6:52.770] Finishing updateGraphWorker: Project: /dev/null/inferredProject1* Version: 22 structureChanged: false Elapsed: 9ms
Info 84   [19:6:52.770] Different program with same set of files:: oldProgram.structureIsReused:: 2
Info 85   [19:32:23.63] Starting updateGraphWorker: Project: /dev/null/inferredProject1*
Info 86   [19:32:23.72] Finishing updateGraphWorker: Project: /dev/null/inferredProject1* Version: 23 structureChanged: false Elapsed: 9ms
Info 87   [19:32:23.72] Different program with same set of files:: oldProgram.structureIsReused:: 2
Info 88   [23:24:15.857] Starting updateGraphWorker: Project: /dev/null/inferredProject1*
Info 89   [23:24:15.876] Finishing updateGraphWorker: Project: /dev/null/inferredProject1* Version: 24 structureChanged: false Elapsed: 19ms
Info 90   [23:24:15.876] Different program with same set of files:: oldProgram.structureIsReused:: 2
Info 91   [23:24:16.153] Starting updateGraphWorker: Project: /dev/null/inferredProject1*
Info 92   [23:24:16.169] Finishing updateGraphWorker: Project: /dev/null/inferredProject1* Version: 25 structureChanged: false Elapsed: 16ms
Info 93   [23:24:16.169] Different program with same set of files:: oldProgram.structureIsReused:: 2
Info 94   [23:24:20.703] Starting updateGraphWorker: Project: /dev/null/inferredProject1*
Info 95   [23:24:20.710] Finishing updateGraphWorker: Project: /dev/null/inferredProject1* Version: 26 structureChanged: false Elapsed: 6ms
Info 96   [23:24:20.710] Different program with same set of files:: oldProgram.structureIsReused:: 2
Info 97   [23:24:20.848] Starting updateGraphWorker: Project: /dev/null/inferredProject1*
Info 98   [23:24:20.855] Finishing updateGraphWorker: Project: /dev/null/inferredProject1* Version: 27 structureChanged: false Elapsed: 7ms
Info 99   [23:24:20.855] Different program with same set of files:: oldProgram.structureIsReused:: 2
Info 100  [23:24:20.981] Starting updateGraphWorker: Project: /dev/null/inferredProject1*
Info 101  [23:24:20.998] Finishing updateGraphWorker: Project: /dev/null/inferredProject1* Version: 28 structureChanged: false Elapsed: 16ms
Info 102  [23:24:20.998] Different program with same set of files:: oldProgram.structureIsReused:: 2
Info 103  [23:24:21.210] Starting updateGraphWorker: Project: /dev/null/inferredProject1*
Info 104  [23:24:21.216] Finishing updateGraphWorker: Project: /dev/null/inferredProject1* Version: 29 structureChanged: false Elapsed: 6ms
Info 105  [23:24:21.216] Different program with same set of files:: oldProgram.structureIsReused:: 2
Info 106  [23:24:21.317] Starting updateGraphWorker: Project: /dev/null/inferredProject1*
Info 107  [23:24:21.331] Finishing updateGraphWorker: Project: /dev/null/inferredProject1* Version: 30 structureChanged: false Elapsed: 14ms
Info 108  [23:24:21.331] Different program with same set of files:: oldProgram.structureIsReused:: 2
Info 109  [23:24:21.554] Starting updateGraphWorker: Project: /dev/null/inferredProject1*
Info 110  [23:24:21.579] Finishing updateGraphWorker: Project: /dev/null/inferredProject1* Version: 31 structureChanged: false Elapsed: 25ms
Info 111  [23:24:21.579] Different program with same set of files:: oldProgram.structureIsReused:: 2
Info 112  [23:24:22.945] Starting updateGraphWorker: Project: /dev/null/inferredProject1*
Info 113  [23:24:22.956] Finishing updateGraphWorker: Project: /dev/null/inferredProject1* Version: 32 structureChanged: false Elapsed: 11ms
Info 114  [23:24:22.956] Different program with same set of files:: oldProgram.structureIsReused:: 2
Info 115  [23:24:25.98] Starting updateGraphWorker: Project: /dev/null/inferredProject1*
Info 116  [23:24:25.109] Finishing updateGraphWorker: Project: /dev/null/inferredProject1* Version: 33 structureChanged: false Elapsed: 11ms
Info 117  [23:24:25.109] Different program with same set of files:: oldProgram.structureIsReused:: 2
Info 118  [9:14:50.926] Starting updateGraphWorker: Project: /dev/null/inferredProject1*
Info 119  [9:14:50.974] Finishing updateGraphWorker: Project: /dev/null/inferredProject1* Version: 34 structureChanged: false Elapsed: 9ms
Info 120  [9:14:50.974] Different program with same set of files:: oldProgram.structureIsReused:: 2
Info 121  [9:32:6.64] Starting updateGraphWorker: Project: /dev/null/inferredProject1*
Info 122  [9:32:6.116] Finishing updateGraphWorker: Project: /dev/null/inferredProject1* Version: 35 structureChanged: false Elapsed: 52ms
Info 123  [9:32:6.116] Different program with same set of files:: oldProgram.structureIsReused:: 2
Info 124  [9:32:6.504] Starting updateGraphWorker: Project: /dev/null/inferredProject1*
Info 125  [9:32:6.514] Finishing updateGraphWorker: Project: /dev/null/inferredProject1* Version: 36 structureChanged: false Elapsed: 10ms
Info 126  [9:32:6.514] Different program with same set of files:: oldProgram.structureIsReused:: 2
Info 127  [9:32:9.659] Starting updateGraphWorker: Project: /dev/null/inferredProject1*
Info 128  [9:32:9.698] Finishing updateGraphWorker: Project: /dev/null/inferredProject1* Version: 37 structureChanged: false Elapsed: 39ms
Info 129  [9:32:9.700] Different program with same set of files:: oldProgram.structureIsReused:: 2
Info 130  [9:32:9.813] Starting updateGraphWorker: Project: /dev/null/inferredProject1*
Info 131  [9:32:9.835] Finishing updateGraphWorker: Project: /dev/null/inferredProject1* Version: 38 structureChanged: false Elapsed: 22ms
Info 132  [9:32:9.835] Different program with same set of files:: oldProgram.structureIsReused:: 2
Info 133  [9:32:9.986] Starting updateGraphWorker: Project: /dev/null/inferredProject1*
Info 134  [9:32:10.1] Finishing updateGraphWorker: Project: /dev/null/inferredProject1* Version: 39 structureChanged: false Elapsed: 15ms
Info 135  [9:32:10.1] Different program with same set of files:: oldProgram.structureIsReused:: 2
Info 136  [9:32:10.76] Starting updateGraphWorker: Project: /dev/null/inferredProject1*
Info 137  [9:32:10.105] Finishing updateGraphWorker: Project: /dev/null/inferredProject1* Version: 40 structureChanged: false Elapsed: 29ms
Info 138  [9:32:10.105] Different program with same set of files:: oldProgram.structureIsReused:: 2
Info 139  [9:32:10.599] Starting updateGraphWorker: Project: /dev/null/inferredProject1*
Info 140  [9:32:10.622] Finishing updateGraphWorker: Project: /dev/null/inferredProject1* Version: 41 structureChanged: false Elapsed: 23ms
Info 141  [9:32:10.622] Different program with same set of files:: oldProgram.structureIsReused:: 2
Info 142  [9:35:35.164] Search path: /var/www/socket/server/expressServer
Info 143  [9:35:35.165] For info: /var/www/socket/server/expressServer/index.html :: No config files found.
Info 144  [9:35:35.166] Starting updateGraphWorker: Project: /dev/null/inferredProject1*
Info 145  [9:35:35.264] Finishing updateGraphWorker: Project: /dev/null/inferredProject1* Version: 42 structureChanged: true Elapsed: 98ms
Info 146  [9:35:35.264] Project '/dev/null/inferredProject1*' (Inferred)
Info 147  [9:35:35.264] 	Files (7)

Info 148  [9:35:35.264] -----------------------------------------------
Info 149  [9:35:51.687] Starting updateGraphWorker: Project: /dev/null/inferredProject1*
Info 150  [9:35:51.691] Finishing updateGraphWorker: Project: /dev/null/inferredProject1* Version: 43 structureChanged: true Elapsed: 4ms
Info 151  [9:35:51.691] Project '/dev/null/inferredProject1*' (Inferred)
Info 152  [9:35:51.691] 	Files (6)

Info 153  [9:35:51.691] -----------------------------------------------
Info 154  [9:35:53.545] Starting updateGraphWorker: Project: /dev/null/inferredProject1*
Info 155  [9:35:53.647] Finishing updateGraphWorker: Project: /dev/null/inferredProject1* Version: 44 structureChanged: false Elapsed: 102ms
Info 156  [9:35:53.648] Different program with same set of files:: oldProgram.structureIsReused:: 2
Info 157  [9:35:54.525] Starting updateGraphWorker: Project: /dev/null/inferredProject1*
Info 158  [9:35:54.599] Finishing updateGraphWorker: Project: /dev/null/inferredProject1* Version: 45 structureChanged: false Elapsed: 74ms
Info 159  [9:35:54.599] Different program with same set of files:: oldProgram.structureIsReused:: 2
Info 160  [9:35:54.604] Starting updateGraphWorker: Project: /dev/null/inferredProject1*
Info 161  [9:35:54.655] Finishing updateGraphWorker: Project: /dev/null/inferredProject1* Version: 46 structureChanged: false Elapsed: 51ms
Info 162  [9:35:54.656] Different program with same set of files:: oldProgram.structureIsReused:: 2
Info 163  [9:35:55.785] Starting updateGraphWorker: Project: /dev/null/inferredProject1*
Info 164  [9:35:55.821] Finishing updateGraphWorker: Project: /dev/null/inferredProject1* Version: 47 structureChanged: false Elapsed: 36ms
Info 165  [9:35:55.821] Different program with same set of files:: oldProgram.structureIsReused:: 2
Info 166  [9:35:56.650] Starting updateGraphWorker: Project: /dev/null/inferredProject1*
Info 167  [9:35:56.671] Finishing updateGraphWorker: Project: /dev/null/inferredProject1* Version: 48 structureChanged: false Elapsed: 21ms
Info 168  [9:35:56.671] Different program with same set of files:: oldProgram.structureIsReused:: 2
