[2020-09-30 14:39:07.956] [exthost] [info] extension host started
[2020-09-30 14:39:07.980] [exthost] [info] ExtensionService#_doActivateExtension vscode.microsoft-authentication {"startup":false,"extensionId":{"value":"vscode.microsoft-authentication","_lower":"vscode.microsoft-authentication"},"activationEvent":"onAuthenticationRequest:microsoft"}
[2020-09-30 14:39:07.981] [exthost] [info] ExtensionService#loadCommonJSModule file:///usr/share/code/resources/app/extensions/microsoft-authentication/dist/extension.js
[2020-09-30 14:39:08.481] [exthost] [info] ExtensionService#_doActivateExtension vscode.github-authentication {"startup":false,"extensionId":{"value":"vscode.github-authentication","_lower":"vscode.github-authentication"},"activationEvent":"onAuthenticationRequest:github"}
[2020-09-30 14:39:08.481] [exthost] [info] ExtensionService#loadCommonJSModule file:///usr/share/code/resources/app/extensions/github-authentication/dist/extension.js
[2020-09-30 14:39:08.717] [exthost] [info] ExtensionService#_doActivateExtension vscode.debug-auto-launch {"startup":true,"extensionId":{"value":"vscode.debug-auto-launch","_lower":"vscode.debug-auto-launch"},"activationEvent":"*"}
[2020-09-30 14:39:08.717] [exthost] [info] ExtensionService#loadCommonJSModule file:///usr/share/code/resources/app/extensions/debug-auto-launch/dist/extension
[2020-09-30 14:39:09.403] [exthost] [info] ExtensionService#_doActivateExtension vscode.emmet {"startup":true,"extensionId":{"value":"vscode.emmet","_lower":"vscode.emmet"},"activationEvent":"*"}
[2020-09-30 14:39:09.403] [exthost] [info] ExtensionService#loadCommonJSModule file:///usr/share/code/resources/app/extensions/emmet/dist/node/emmetNodeMain
[2020-09-30 14:39:09.803] [exthost] [info] ExtensionService#_doActivateExtension vscode.git {"startup":true,"extensionId":{"value":"vscode.github","_lower":"vscode.github"},"activationEvent":"*"}
[2020-09-30 14:39:09.803] [exthost] [info] ExtensionService#loadCommonJSModule file:///usr/share/code/resources/app/extensions/git/dist/main
[2020-09-30 14:39:10.242] [exthost] [info] ExtensionService#_doActivateExtension vscode.merge-conflict {"startup":true,"extensionId":{"value":"vscode.merge-conflict","_lower":"vscode.merge-conflict"},"activationEvent":"*"}
[2020-09-30 14:39:10.242] [exthost] [info] ExtensionService#loadCommonJSModule file:///usr/share/code/resources/app/extensions/merge-conflict/dist/mergeConflictMain
[2020-09-30 14:39:10.667] [exthost] [info] ExtensionService#_doActivateExtension vscode.search-result {"startup":true,"extensionId":{"value":"vscode.search-result","_lower":"vscode.search-result"},"activationEvent":"*"}
[2020-09-30 14:39:10.667] [exthost] [info] ExtensionService#loadCommonJSModule file:///usr/share/code/resources/app/extensions/search-result/dist/extension.js
[2020-09-30 14:39:11.114] [exthost] [info] ExtensionService#_doActivateExtension christian-kohler.path-intellisense {"startup":true,"extensionId":{"value":"christian-kohler.path-intellisense","_lower":"christian-kohler.path-intellisense"},"activationEvent":"*"}
[2020-09-30 14:39:11.114] [exthost] [info] ExtensionService#loadCommonJSModule file:///home/parallels/.vscode/extensions/christian-kohler.path-intellisense-2.3.0/out/extension.js
[2020-09-30 14:39:12.281] [exthost] [info] ExtensionService#_doActivateExtension CoenraadS.bracket-pair-colorizer {"startup":true,"extensionId":{"value":"CoenraadS.bracket-pair-colorizer","_lower":"coenraads.bracket-pair-colorizer"},"activationEvent":"*"}
[2020-09-30 14:39:12.281] [exthost] [info] ExtensionService#loadCommonJSModule file:///home/parallels/.vscode/extensions/coenraads.bracket-pair-colorizer-1.0.61/out/src/extension
[2020-09-30 14:39:13.343] [exthost] [info] ExtensionService#_doActivateExtension dbaeumer.vscode-eslint {"startup":true,"extensionId":{"value":"dbaeumer.vscode-eslint","_lower":"dbaeumer.vscode-eslint"},"activationEvent":"*"}
[2020-09-30 14:39:13.343] [exthost] [info] ExtensionService#loadCommonJSModule file:///home/parallels/.vscode/extensions/dbaeumer.vscode-eslint-2.1.8/client/out/extension
[2020-09-30 14:39:13.469] [exthost] [info] ExtensionService#_doActivateExtension HookyQR.beautify {"startup":true,"extensionId":{"value":"HookyQR.beautify","_lower":"hookyqr.beautify"},"activationEvent":"*"}
[2020-09-30 14:39:13.469] [exthost] [info] ExtensionService#loadCommonJSModule file:///home/parallels/.vscode/extensions/hookyqr.beautify-1.5.0/extension
[2020-09-30 14:39:15.299] [exthost] [info] ExtensionService#_doActivateExtension ritwickdey.LiveServer {"startup":true,"extensionId":{"value":"ritwickdey.LiveServer","_lower":"ritwickdey.liveserver"},"activationEvent":"*"}
[2020-09-30 14:39:15.299] [exthost] [info] ExtensionService#loadCommonJSModule file:///home/parallels/.vscode/extensions/ritwickdey.liveserver-5.6.1/out/src/extension
[2020-09-30 14:39:29.132] [exthost] [info] ExtensionService#_doActivateExtension Wscats.eno {"startup":true,"extensionId":{"value":"Wscats.eno","_lower":"wscats.eno"},"activationEvent":"*"}
[2020-09-30 14:39:29.132] [exthost] [info] ExtensionService#loadCommonJSModule file:///home/parallels/.vscode/extensions/wscats.eno-2.3.18/out/extension.js
[2020-09-30 14:39:46.862] [exthost] [info] ExtensionService#_doActivateExtension vscode.npm {"startup":true,"extensionId":{"value":"vscode.npm","_lower":"vscode.npm"},"activationEvent":"workspaceContains:package.json"}
[2020-09-30 14:39:46.862] [exthost] [info] ExtensionService#loadCommonJSModule file:///usr/share/code/resources/app/extensions/npm/dist/npmMain
[2020-09-30 14:39:47.320] [exthost] [info] ExtensionService#_doActivateExtension vscode.github {"startup":true,"extensionId":{"value":"vscode.github","_lower":"vscode.github"},"activationEvent":"*"}
[2020-09-30 14:39:47.320] [exthost] [info] ExtensionService#loadCommonJSModule file:///usr/share/code/resources/app/extensions/github/dist/extension.js
[2020-09-30 14:39:47.718] [exthost] [info] ExtensionService#_doActivateExtension esbenp.prettier-vscode {"startup":false,"extensionId":{"value":"esbenp.prettier-vscode","_lower":"esbenp.prettier-vscode"},"activationEvent":"onStartupFinished"}
[2020-09-30 14:39:47.718] [exthost] [info] ExtensionService#loadCommonJSModule file:///home/parallels/.vscode/extensions/esbenp.prettier-vscode-5.7.1/dist/extension
[2020-09-30 14:39:47.947] [exthost] [info] eager extensions activated
[2020-09-30 14:41:12.920] [exthost] [info] ExtensionService#_doActivateExtension vscode.typescript-language-features {"startup":false,"extensionId":{"value":"vscode.typescript-language-features","_lower":"vscode.typescript-language-features"},"activationEvent":"onLanguage:javascript"}
[2020-09-30 14:41:12.920] [exthost] [info] ExtensionService#loadCommonJSModule file:///usr/share/code/resources/app/extensions/typescript-language-features/dist/extension
[2020-09-30 14:41:13.006] [exthost] [info] ExtensionService#_doActivateExtension christian-kohler.npm-intellisense {"startup":false,"extensionId":{"value":"christian-kohler.npm-intellisense","_lower":"christian-kohler.npm-intellisense"},"activationEvent":"onLanguage:javascript"}
[2020-09-30 14:41:13.006] [exthost] [info] ExtensionService#loadCommonJSModule file:///home/parallels/.vscode/extensions/christian-kohler.npm-intellisense-1.3.1/out/src/extension
[2020-09-30 14:41:13.073] [exthost] [info] ExtensionService#_doActivateExtension ecmel.vscode-html-css {"startup":false,"extensionId":{"value":"ecmel.vscode-html-css","_lower":"ecmel.vscode-html-css"},"activationEvent":"onLanguage:javascript"}
[2020-09-30 14:41:13.073] [exthost] [info] ExtensionService#loadCommonJSModule file:///home/parallels/.vscode/extensions/ecmel.vscode-html-css-0.2.3/dist/extension
[2020-09-30 14:41:13.200] [exthost] [info] ExtensionService#_doActivateExtension ms-vscode.vscode-typescript-tslint-plugin {"startup":false,"extensionId":{"value":"ms-vscode.vscode-typescript-tslint-plugin","_lower":"ms-vscode.vscode-typescript-tslint-plugin"},"activationEvent":"onLanguage:javascript"}
[2020-09-30 14:41:13.200] [exthost] [info] ExtensionService#loadCommonJSModule file:///home/parallels/.vscode/extensions/ms-vscode.vscode-typescript-tslint-plugin-1.2.3/out/index.js
[2020-09-30 14:41:13.240] [exthost] [info] ExtensionService#_doActivateExtension VisualStudioExptTeam.vscodeintellicode {"startup":false,"extensionId":{"value":"VisualStudioExptTeam.vscodeintellicode","_lower":"visualstudioexptteam.vscodeintellicode"},"activationEvent":"onLanguage:javascript"}
[2020-09-30 14:41:13.241] [exthost] [info] ExtensionService#loadCommonJSModule file:///home/parallels/.vscode/extensions/visualstudioexptteam.vscodeintellicode-1.2.10/dist/intellicode
[2020-09-30 14:41:14.024] [exthost] [info] ExtensionService#_doActivateExtension vscode.configuration-editing {"startup":false,"extensionId":{"value":"vscode.configuration-editing","_lower":"vscode.configuration-editing"},"activationEvent":"onLanguage:jsonc"}
[2020-09-30 14:41:14.024] [exthost] [info] ExtensionService#loadCommonJSModule file:///usr/share/code/resources/app/extensions/configuration-editing/dist/configurationEditingMain
[2020-09-30 14:41:14.337] [exthost] [info] ExtensionService#_doActivateExtension vscode.json-language-features {"startup":false,"extensionId":{"value":"vscode.json-language-features","_lower":"vscode.json-language-features"},"activationEvent":"onLanguage:jsonc"}
[2020-09-30 14:41:14.337] [exthost] [info] ExtensionService#loadCommonJSModule file:///usr/share/code/resources/app/extensions/json-language-features/client/dist/node/jsonClientMain
[2020-09-30 14:41:45.304] [exthost] [info] ExtensionService#_doActivateExtension vscode.extension-editing {"startup":false,"extensionId":{"value":"vscode.extension-editing","_lower":"vscode.extension-editing"},"activationEvent":"onLanguage:typescript"}
[2020-09-30 14:41:45.304] [exthost] [info] ExtensionService#loadCommonJSModule file:///usr/share/code/resources/app/extensions/extension-editing/dist/extensionEditingMain
